<?xml version="1.0" encoding="UTF-8"?>
<!-- Generated by org.testng.reporters.JUnitXMLReporter -->
<testsuite hostname="LAPTOP-URP5IFNA" ignored="0" name="Default test" tests="4" failures="0" timestamp="08 九月 2017 09:46:41 GMT" time="10.733" errors="0">
  <testcase name="testCase" time="1.262" classname="com.dyw.serch.testLogin"/>
  <testcase name="testCase" time="0.769" classname="com.dyw.serch.testLogin"/>
  <testcase name="testCase" time="0.747" classname="com.dyw.serch.testLogin"/>
  <testcase name="testCase" time="0.839" classname="com.dyw.serch.testLogin"/>
</testsuite> <!-- Default test -->
