<?xml version="1.0" encoding="UTF-8"?>
<!-- Generated by org.testng.reporters.JUnitXMLReporter -->
<testsuite hostname="LAPTOP-URP5IFNA" ignored="0" name="test1" tests="1" failures="1" timestamp="07 九月 2017 08:46:39 GMT" time="0.06" errors="0">
  <testcase name="testCase" time="0.027" classname="com.dyw.serch.testLogin">
    <failure type="org.testng.internal.reflect.MethodMatcherException" message="
Data provider mismatch
Method: testCase([Parameter{index=0, type=java.lang.String, declaredAnnotations=[]}, Parameter{index=1, type=java.lang.String, declaredAnnotations=[]}])
Arguments: [(java.lang.String),(java.lang.String),(java.lang.String)请先输入账号或密码]">
      <![CDATA[org.testng.internal.reflect.MethodMatcherException: 
Data provider mismatch
Method: testCase([Parameter{index=0, type=java.lang.String, declaredAnnotations=[]}, Parameter{index=1, type=java.lang.String, declaredAnnotations=[]}])
Arguments: [(java.lang.String),(java.lang.String),(java.lang.String)请先输入账号或密码]
... Removed 20 stack frames]]>
    </failure>
  </testcase> <!-- testCase -->
</testsuite> <!-- test1 -->
