<?xml version="1.0" encoding="UTF-8"?>
<testng-results skipped="0" failed="0" ignored="0" total="4" passed="4">
  <reporter-output>
  </reporter-output>
  <suite name="Default suite" duration-ms="10733" started-at="2017-09-08T09:46:31Z" finished-at="2017-09-08T09:46:41Z">
    <groups>
    </groups>
    <test name="Default test" duration-ms="10733" started-at="2017-09-08T09:46:31Z" finished-at="2017-09-08T09:46:41Z">
      <class name="com.dyw.serch.testLogin">
        <test-method status="PASS" signature="setUP()[pri:0, instance:com.dyw.serch.testLogin@47c62251]" name="setUP" is-config="true" duration-ms="7070" started-at="2017-09-08T17:46:31Z" finished-at="2017-09-08T17:46:38Z">
          <reporter-output>
          </reporter-output>
        </test-method> <!-- setUP -->
        <test-method status="PASS" signature="testCase(java.lang.String, java.lang.String, java.lang.String)[pri:0, instance:com.dyw.serch.testLogin@47c62251]" name="testCase" duration-ms="1262" started-at="2017-09-08T17:46:38Z" data-provider="user" finished-at="2017-09-08T17:46:39Z">
          <params>
            <param index="0">
              <value>
                <![CDATA[]]>
              </value>
            </param>
            <param index="1">
              <value>
                <![CDATA[]]>
              </value>
            </param>
            <param index="2">
              <value>
                <![CDATA[登录帐号为空]]>
              </value>
            </param>
          </params>
          <reporter-output>
          </reporter-output>
        </test-method> <!-- testCase -->
        <test-method status="PASS" signature="testCase(java.lang.String, java.lang.String, java.lang.String)[pri:0, instance:com.dyw.serch.testLogin@47c62251]" name="testCase" duration-ms="769" started-at="2017-09-08T17:46:39Z" data-provider="user" finished-at="2017-09-08T17:46:40Z">
          <params>
            <param index="0">
              <value>
                <![CDATA[15195815941]]>
              </value>
            </param>
            <param index="1">
              <value>
                <![CDATA[]]>
              </value>
            </param>
            <param index="2">
              <value>
                <![CDATA[密码为空]]>
              </value>
            </param>
          </params>
          <reporter-output>
          </reporter-output>
        </test-method> <!-- testCase -->
        <test-method status="PASS" signature="testCase(java.lang.String, java.lang.String, java.lang.String)[pri:0, instance:com.dyw.serch.testLogin@47c62251]" name="testCase" duration-ms="747" started-at="2017-09-08T17:46:40Z" data-provider="user" finished-at="2017-09-08T17:46:40Z">
          <params>
            <param index="0">
              <value>
                <![CDATA[]]>
              </value>
            </param>
            <param index="1">
              <value>
                <![CDATA[Aa199216]]>
              </value>
            </param>
            <param index="2">
              <value>
                <![CDATA[登录帐号为空]]>
              </value>
            </param>
          </params>
          <reporter-output>
          </reporter-output>
        </test-method> <!-- testCase -->
        <test-method status="PASS" signature="testCase(java.lang.String, java.lang.String, java.lang.String)[pri:0, instance:com.dyw.serch.testLogin@47c62251]" name="testCase" duration-ms="839" started-at="2017-09-08T17:46:40Z" data-provider="user" finished-at="2017-09-08T17:46:41Z">
          <params>
            <param index="0">
              <value>
                <![CDATA[error]]>
              </value>
            </param>
            <param index="1">
              <value>
                <![CDATA[error]]>
              </value>
            </param>
            <param index="2">
              <value>
                <![CDATA[用户不存在]]>
              </value>
            </param>
          </params>
          <reporter-output>
          </reporter-output>
        </test-method> <!-- testCase -->
      </class> <!-- com.dyw.serch.testLogin -->
    </test> <!-- Default test -->
  </suite> <!-- Default suite -->
</testng-results>
